#
# There is insufficient memory for the Java Runtime Environment to continue.
# Native memory allocation (mmap) failed to map 199229440 bytes for G1 virtual space
# Possible reasons:
#   The system is out of physical RAM or swap space
#   The process is running with CompressedOops enabled, and the Java Heap may be blocking the growth of the native heap
# Possible solutions:
#   Reduce memory load on the system
#   Increase physical memory or swap space
#   Check if swap backing store is full
#   Decrease Java heap size (-Xmx/-Xms)
#   Decrease number of Java threads
#   Decrease Java thread stack sizes (-Xss)
#   Set larger code cache with -XX:ReservedCodeCacheSize=
#   JVM is running with Zero Based Compressed Oops mode in which the Java heap is
#     placed in the first 32GB address space. The Java Heap base address is the
#     maximum limit for the native heap growth. Please use -XX:HeapBaseMinAddress
#     to set the Java Heap base and to place the Java Heap above 32GB virtual address.
# This output file may be truncated or incomplete.
#
#  Out of Memory Error (os_windows.cpp:3535), pid=15100, tid=3352
#
# JRE version:  (17.0.3.1+2) (build )
# Java VM: Java HotSpot(TM) 64-Bit Server VM (17.0.3.1+2-LTS-6, mixed mode, sharing, tiered, compressed oops, compressed class ptrs, g1 gc, windows-amd64)
# No core dump will be written. Minidumps are not enabled by default on client versions of Windows
#

---------------  S U M M A R Y ------------

Command Line: -javaagent:C:\Program Files\JetBrains\IntelliJ IDEA Community Edition 2022.3.3\lib\idea_rt.jar=62443:C:\Program Files\JetBrains\IntelliJ IDEA Community Edition 2022.3.3\bin -Dfile.encoding=UTF-8 com.event.booking.EventBookingApplication

Host: Intel(R) Core(TM) i5-8250U CPU @ 1.60GHz, 8 cores, 11G,  Windows 11 , 64 bit Build 22621 (10.0.22621.2215)
Time: Mon Aug 26 17:18:41 2024 W. Central Africa Standard Time elapsed time: 0.126830 seconds (0d 0h 0m 0s)

---------------  T H R E A D  ---------------

Current thread (0x00000187bc6702c0):  JavaThread "Unknown thread" [_thread_in_vm, id=3352, stack(0x0000007030000000,0x0000007030100000)]

Stack: [0x0000007030000000,0x0000007030100000]
Native frames: (J=compiled Java code, j=interpreted, Vv=VM code, C=native code)
V  [jvm.dll+0x6711ba]
V  [jvm.dll+0x7d0834]
V  [jvm.dll+0x7d1fde]
V  [jvm.dll+0x7d2643]
V  [jvm.dll+0x242c85]
V  [jvm.dll+0x66e0d9]
V  [jvm.dll+0x662a22]
V  [jvm.dll+0x300ddb]
V  [jvm.dll+0x308376]
V  [jvm.dll+0x357f7e]
V  [jvm.dll+0x3581af]
V  [jvm.dll+0x2d7ff8]
V  [jvm.dll+0x2d8f64]
V  [jvm.dll+0x7a2411]
V  [jvm.dll+0x365d01]
V  [jvm.dll+0x78187c]
V  [jvm.dll+0x3e873f]
V  [jvm.dll+0x3ea1e1]
C  [jli.dll+0x527b]
C  [ucrtbase.dll+0x29363]
C  [KERNEL32.DLL+0x1257d]
C  [ntdll.dll+0x5aa68]


---------------  P R O C E S S  ---------------

Threads class SMR info:
_java_thread_list=0x00007ffe18209858, length=0, elements={
}

Java Threads: ( => current thread )

Other Threads:
  0x00000187bc6c8130 GCTaskThread "GC Thread#0" [stack: 0x0000007030100000,0x0000007030200000] [id=21104]
  0x00000187bc6d5e10 ConcurrentGCThread "G1 Main Marker" [stack: 0x0000007030200000,0x0000007030300000] [id=17028]
  0x00000187bc6d6fd0 ConcurrentGCThread "G1 Conc#0" [stack: 0x0000007030300000,0x0000007030400000] [id=13848]

[error occurred during error reporting (printing all threads), id 0xc0000005, EXCEPTION_ACCESS_VIOLATION (0xc0000005) at pc=0x00007ffe17a589e7]

VM state: not at safepoint (not fully initialized)

VM Mutex/Monitor currently owned by a thread:  ([mutex/lock_event])
[0x00000187bc66db00] Heap_lock - owner thread: 0x00000187bc6702c0

Heap address: 0x0000000742600000, size: 3034 MB, Compressed Oops mode: Zero based, Oop shift amount: 3

CDS archive(s) mapped at: [0x0000000000000000-0x0000000000000000-0x0000000000000000), size 0, SharedBaseAddress: 0x0000000800000000, ArchiveRelocationMode: 0.
Narrow klass base: 0x0000000000000000, Narrow klass shift: 0, Narrow klass range: 0x0

GC Precious Log:
<Empty>

Heap:
 garbage-first heap   total 0K, used 0K [0x0000000742600000, 0x0000000800000000)
  region size 2048K, 0 young (0K), 0 survivors (0K)

[error occurred during error reporting (printing heap information), id 0xc0000005, EXCEPTION_ACCESS_VIOLATION (0xc0000005) at pc=0x00007ffe17e3a629]

GC Heap History (0 events):
No events

Deoptimization events (0 events):
No events

Classes unloaded (0 events):
No events

Classes redefined (0 events):
No events

Internal exceptions (0 events):
No events

VM Operations (0 events):
No events

Events (1 events):
Event: 0.028 Loaded shared library C:\Program Files\Java\jdk-17.0.3.1\bin\java.dll


Dynamic libraries:
0x00007ff669b10000 - 0x00007ff669b20000 	C:\Program Files\Java\jdk-17.0.3.1\bin\java.exe
0x00007ffe810d0000 - 0x00007ffe812e4000 	C:\WINDOWS\SYSTEM32\ntdll.dll
0x00007ffe802e0000 - 0x00007ffe803a4000 	C:\WINDOWS\System32\KERNEL32.DLL
0x00007ffe7e660000 - 0x00007ffe7ea04000 	C:\WINDOWS\System32\KERNELBASE.dll
0x00007ffe7e540000 - 0x00007ffe7e651000 	C:\WINDOWS\System32\ucrtbase.dll
0x00007ffe41610000 - 0x00007ffe4162a000 	C:\Program Files\Java\jdk-17.0.3.1\bin\VCRUNTIME140.dll
0x00007ffe550f0000 - 0x00007ffe55108000 	C:\Program Files\Java\jdk-17.0.3.1\bin\jli.dll
0x00007ffe80980000 - 0x00007ffe80a30000 	C:\WINDOWS\System32\ADVAPI32.dll
0x00007ffe80820000 - 0x00007ffe808c7000 	C:\WINDOWS\System32\msvcrt.dll
0x00007ffe7f010000 - 0x00007ffe7f0b6000 	C:\WINDOWS\System32\sechost.dll
0x00007ffe80f70000 - 0x00007ffe81087000 	C:\WINDOWS\System32\RPCRT4.dll
0x00007ffe7ee60000 - 0x00007ffe7f00e000 	C:\WINDOWS\System32\USER32.dll
0x00007ffe7ea10000 - 0x00007ffe7ea36000 	C:\WINDOWS\System32\win32u.dll
0x00007ffe4a230000 - 0x00007ffe4a4c3000 	C:\WINDOWS\WinSxS\amd64_microsoft.windows.common-controls_6595b64144ccf1df_6.0.22621.2215_none_270d72677387dfc3\COMCTL32.dll
0x00007ffe802b0000 - 0x00007ffe802d9000 	C:\WINDOWS\System32\GDI32.dll
0x00007ffe7ed40000 - 0x00007ffe7ee58000 	C:\WINDOWS\System32\gdi32full.dll
0x00007ffe7ebb0000 - 0x00007ffe7ec4a000 	C:\WINDOWS\System32\msvcp_win.dll
0x00007ffe69e20000 - 0x00007ffe69e2a000 	C:\WINDOWS\SYSTEM32\VERSION.dll
0x00007ffe7fc40000 - 0x00007ffe7fc71000 	C:\WINDOWS\System32\IMM32.DLL
0x00007ffe4db00000 - 0x00007ffe4db0c000 	C:\Program Files\Java\jdk-17.0.3.1\bin\vcruntime140_1.dll
0x00007ffe3ae10000 - 0x00007ffe3ae9d000 	C:\Program Files\Java\jdk-17.0.3.1\bin\msvcp140.dll
0x00007ffe17770000 - 0x00007ffe18330000 	C:\Program Files\Java\jdk-17.0.3.1\bin\server\jvm.dll
0x00007ffe80630000 - 0x00007ffe80638000 	C:\WINDOWS\System32\PSAPI.DLL
0x00007ffe73780000 - 0x00007ffe737b4000 	C:\WINDOWS\SYSTEM32\WINMM.dll
0x00007ffe61650000 - 0x00007ffe61659000 	C:\WINDOWS\SYSTEM32\WSOCK32.dll
0x00007ffe80160000 - 0x00007ffe801d1000 	C:\WINDOWS\System32\WS2_32.dll
0x00007ffe7d440000 - 0x00007ffe7d458000 	C:\WINDOWS\SYSTEM32\kernel.appcore.dll
0x00007ffe4b580000 - 0x00007ffe4b58a000 	C:\Program Files\Java\jdk-17.0.3.1\bin\jimage.dll
0x00007ffe7bdc0000 - 0x00007ffe7bfee000 	C:\WINDOWS\SYSTEM32\DBGHELP.DLL
0x00007ffe80be0000 - 0x00007ffe80f6a000 	C:\WINDOWS\System32\combase.dll
0x00007ffe80640000 - 0x00007ffe80717000 	C:\WINDOWS\System32\OLEAUT32.dll
0x00007ffe66e20000 - 0x00007ffe66e52000 	C:\WINDOWS\SYSTEM32\dbgcore.DLL
0x00007ffe7ecc0000 - 0x00007ffe7ed3a000 	C:\WINDOWS\System32\bcryptPrimitives.dll
0x00007ffe74230000 - 0x00007ffe7423e000 	C:\Program Files\Java\jdk-17.0.3.1\bin\instrument.dll
0x00007ffe3ade0000 - 0x00007ffe3ae05000 	C:\Program Files\Java\jdk-17.0.3.1\bin\java.dll

dbghelp: loaded successfully - version: 4.0.5 - missing functions: none
symbol engine: initialized successfully - sym options: 0x614 - pdb path: .;C:\Program Files\Java\jdk-17.0.3.1\bin;C:\WINDOWS\SYSTEM32;C:\WINDOWS\WinSxS\amd64_microsoft.windows.common-controls_6595b64144ccf1df_6.0.22621.2215_none_270d72677387dfc3;C:\Program Files\Java\jdk-17.0.3.1\bin\server

VM Arguments:
jvm_args: -javaagent:C:\Program Files\JetBrains\IntelliJ IDEA Community Edition 2022.3.3\lib\idea_rt.jar=62443:C:\Program Files\JetBrains\IntelliJ IDEA Community Edition 2022.3.3\bin -Dfile.encoding=UTF-8 
java_command: com.event.booking.EventBookingApplication
java_class_path (initial): C:\MusalaSoft\Projects\event-booking\src\main\webapp\WEB-INF\classes;C:\Users\USER\.m2\repository\org\springframework\boot\spring-boot-starter-data-jpa\2.7.5\spring-boot-starter-data-jpa-2.7.5.jar;C:\Users\USER\.m2\repository\org\springframework\boot\spring-boot-starter-aop\2.7.5\spring-boot-starter-aop-2.7.5.jar;C:\Users\USER\.m2\repository\org\aspectj\aspectjweaver\1.9.7\aspectjweaver-1.9.7.jar;C:\Users\USER\.m2\repository\org\springframework\boot\spring-boot-starter-jdbc\2.7.5\spring-boot-starter-jdbc-2.7.5.jar;C:\Users\USER\.m2\repository\com\zaxxer\HikariCP\4.0.3\HikariCP-4.0.3.jar;C:\Users\USER\.m2\repository\org\springframework\spring-jdbc\5.3.23\spring-jdbc-5.3.23.jar;C:\Users\USER\.m2\repository\jakarta\transaction\jakarta.transaction-api\1.3.3\jakarta.transaction-api-1.3.3.jar;C:\Users\USER\.m2\repository\jakarta\persistence\jakarta.persistence-api\2.2.3\jakarta.persistence-api-2.2.3.jar;C:\Users\USER\.m2\repository\org\hibernate\hibernate-core\5.6.12.Final\hibernate-core-5.6.12.Final.jar;C:\Users\USER\.m2\repository\org\jboss\logging\jboss-logging\3.4.3.Final\jboss-logging-3.4.3.Final.jar;C:\Users\USER\.m2\repository\antlr\antlr\2.7.7\antlr-2.7.7.jar;C:\Users\USER\.m2\repository\org\jboss\jandex\2.4.2.Final\jandex-2.4.2.Final.jar;C:\Users\USER\.m2\repository\org\hibernate\common\hibernate-commons-annotations\5.1.2.Final\hibernate-commons-annotations-5.1.2.Final.jar;C:\Users\USER\.m2\repository\org\glassfish\jaxb\jaxb-runtime\2.3.7\jaxb-runtime-2.3.7.jar;C:\Users\USER\.m2\repository\org\glassfish\jaxb\txw2\2.3.7\txw2-2.3.7.jar;C:\Users\USER\.m2\repository\com\sun\istack\istack-commons-runtime\3.0.12\istack-commons-runtime-3.0.12.jar;C:\Users\USER\.m2\repository\org\springframework\data\spring-data-jpa\2.7.5\spring-data-jpa-2.7.5.jar;C:\Users\USER\.m2\repository\org\springframework\data\spring-data-commons\2.7.5\spring-data-commons-2.7.5.jar;C:\Users\USER\.m2\repository\org\springframework\spring-orm\5.3.23\spring-orm-5.3.23.jar
Launcher Type: SUN_STANDARD

[Global flags]
     intx CICompilerCount                          = 4                                         {product} {ergonomic}
     uint ConcGCThreads                            = 2                                         {product} {ergonomic}
     uint G1ConcRefinementThreads                  = 8                                         {product} {ergonomic}
   size_t G1HeapRegionSize                         = 2097152                                   {product} {ergonomic}
    uintx GCDrainStackTargetSize                   = 64                                        {product} {ergonomic}
   size_t InitialHeapSize                          = 199229440                                 {product} {ergonomic}
   size_t MarkStackSize                            = 4194304                                   {product} {ergonomic}
   size_t MaxHeapSize                              = 3181379584                                {product} {ergonomic}
   size_t MinHeapDeltaBytes                        = 2097152                                   {product} {ergonomic}
   size_t MinHeapSize                              = 8388608                                   {product} {ergonomic}
    uintx NonNMethodCodeHeapSize                   = 5839372                                {pd product} {ergonomic}
    uintx NonProfiledCodeHeapSize                  = 122909434                              {pd product} {ergonomic}
    uintx ProfiledCodeHeapSize                     = 122909434                              {pd product} {ergonomic}
    uintx ReservedCodeCacheSize                    = 251658240                              {pd product} {ergonomic}
     bool SegmentedCodeCache                       = true                                      {product} {ergonomic}
   size_t SoftMaxHeapSize                          = 3181379584                             {manageable} {ergonomic}
     bool UseCompressedClassPointers               = true                           {product lp64_product} {ergonomic}
     bool UseCompressedOops                        = true                           {product lp64_product} {ergonomic}
     bool UseG1GC                                  = true                                      {product} {ergonomic}
     bool UseLargePagesIndividualAllocation        = false                                  {pd product} {ergonomic}

Logging:
Log output configuration:
 #0: stdout all=warning uptime,level,tags
 #1: stderr all=off uptime,level,tags

Environment Variables:
JAVA_HOME=C:\Program Files\Java\jdk-17.0.3.1
PATH=C:\Python312\Scripts\;C:\Python312\;C:\SwipeTech\flutter\bin;C:\Python311\Scripts\;C:\Python311\;C:\Program Files\Common Files\Oracle\Java\javapath;C:\Program Files (x86)\Common Files\Oracle\Java\javapath;C:\WINDOWS\system32;C:\WINDOWS;C:\WINDOWS\System32\Wbem;C:\WINDOWS\System32\WindowsPowerShell\v1.0\;C:\WINDOWS\System32\OpenSSH\;C:\Program Files\PuTTY\;C:\SwipeTech\servers\apache-maven-3.8.6\bin;C:\ProgramData\chocolatey\bin;C:\Program Files\Docker\Docker\resources\bin;C:\SwipeTech\db\mongodb\mongodb-win32-x86_64-windows-6.0.6\bin;C:\Program Files\MongoDB\Server\6.0\bin;C:\SwipeTech\db\mongosh\mongosh-1.10.1-win32-x64\bin;C:\Program Files\Git\cmd;C:\Program Files\MySQL\MySQL Server 8.0\bin;C:\users\user\anaconda3\lib\site-packages\pip;C:\Users\USER\openssl-0.9.8k_X64\bin;C:\ProgramData\chocolatey\lib\ffmpeg-full\tools\ffmpeg\bin;C:\Users\USER\AppData\Local\Android\Sdk\tools;C:\Users\USER\AppData\Local\Android\Sdk\platform-tools;C:\Program Files\nodejs\;C:\Program Files (x86)\Intel\Intel(R) Management Engine Components\DAL;C:\Program Files\Intel\Intel(R) Management Engine Components\DAL;C:\Python311\Scripts;C:\Python311;C:\SwipeTech\flutter\bin;C:\Users\USER\AppData\Local\Microsoft\WindowsApps;C:\Program Files\JetBrains\IntelliJ IDEA 2022.1.1\bin;;C:\Users\USER\AppData\Local\GitHubDesktop\bin;C:\Program Files\Git\bin\;C:\SwipeTech\servers\apache-maven-3.8.6\bin;C:\Program Files\JetBrains\IntelliJ IDEA Community Edition 2022.3.3\bin;;C:\wamp64\bin\php\php5.6.31\ext;C:\wamp64\bin\php\php5.6.31;C:\SwipeTech\db\mongodb\mongodb-win32-x86_64-windows-6.0.6\bin;C:\Program Files\MongoDB\Server\6.0\bin;C:\SwipeTech\db\mongosh\mongosh-1.10.1-win32-x64\bin;C:\Program Files\MySQL\MySQL Server 8.0\bin;C:\users\user\anaconda3\lib\site-packages\pip;C:\Users\USER\openssl-0.9.8k_X64\bin;C:\Users\USER\AppData\Roaming\npm;C:\Users\USER\AppData\Local\Programs\Microsoft VS Code\bin
USERNAME=USER
OS=Windows_NT
PROCESSOR_IDENTIFIER=Intel64 Family 6 Model 142 Stepping 10, GenuineIntel



---------------  S Y S T E M  ---------------

OS:
 Windows 11 , 64 bit Build 22621 (10.0.22621.2215)
OS uptime: 0 days 4:19 hours
Hyper-V role detected

CPU: total 8 (initial active 8) (4 cores per cpu, 2 threads per core) family 6 model 142 stepping 10 microcode 0xf4, cx8, cmov, fxsr, ht, mmx, 3dnowpref, sse, sse2, sse3, ssse3, sse4.1, sse4.2, popcnt, lzcnt, tsc, tscinvbit, avx, avx2, aes, erms, clmul, bmi1, bmi2, adx, fma, vzeroupper, clflush, clflushopt, hv

Memory: 4k page, system-wide physical 12131M (417M free)
TotalPageFile size 22602M (AvailPageFile size 166M)
current process WorkingSet (physical memory assigned to process): 11M, peak: 11M
current process commit charge ("private bytes"): 60M, peak: 250M

vm_info: Java HotSpot(TM) 64-Bit Server VM (17.0.3.1+2-LTS-6) for windows-amd64 JRE (17.0.3.1+2-LTS-6), built on Apr 25 2022 22:04:21 by "mach5one" with MS VC++ 16.8 / 16.9 (VS2019)

END.
